<?xml version="1.0" encoding="UTF-8" ?>
<testsuite tests="1" failures="1" name="com.junit.logic.FactorialTest" time="0.012" errors="0" skipped="0">
  <properties>
    <property name="java.vendor" value="Oracle Corporation"/>
    <property name="JOB_NAME" value="JunitEx"/>
    <property name="MCC_INCLUDE" value="C:\Program Files (x86)\Microchip\xc8\v1.44/h"/>
    <property name="sun.java.launcher" value="SUN_STANDARD"/>
    <property name="NUMBER_OF_PROCESSORS" value="4"/>
    <property name="sun.management.compiler" value="HotSpot Client Compiler"/>
    <property name="JENKINS_HOME" value="C:\Program Files (x86)\Jenkins"/>
    <property name="HUDSON_SERVER_COOKIE" value="c14c5faeb42aaed1"/>
    <property name="POM_ARTIFACTID" value="JunitEx1"/>
    <property name="os.name" value="Windows 10"/>
    <property name="sun.boot.class.path" value="C:\Program Files (x86)\Java\jdk1.8.0_151\jre\lib\resources.jar;C:\Program Files (x86)\Java\jdk1.8.0_151\jre\lib\rt.jar;C:\Program Files (x86)\Java\jdk1.8.0_151\jre\lib\sunrsasign.jar;C:\Program Files (x86)\Java\jdk1.8.0_151\jre\lib\jsse.jar;C:\Program Files (x86)\Java\jdk1.8.0_151\jre\lib\jce.jar;C:\Program Files (x86)\Java\jdk1.8.0_151\jre\lib\charsets.jar;C:\Program Files (x86)\Java\jdk1.8.0_151\jre\lib\jfr.jar;C:\Program Files (x86)\Java\jdk1.8.0_151\jre\classes"/>
    <property name="EXECUTOR_NUMBER" value="0"/>
    <property name="sun.desktop" value="windows"/>
    <property name="PATHEXT" value=".COM;.EXE;.BAT;.CMD;.VBS;.VBE;.JS;.JSE;.WSF;.WSH;.MSC"/>
    <property name="java.vm.specification.vendor" value="Oracle Corporation"/>
    <property name="POM_DISPLAYNAME" value="JunitEx1"/>
    <property name="NODE_LABELS" value="master"/>
    <property name="TEMP" value="C:\WINDOWS\TEMP"/>
    <property name="java.runtime.version" value="1.8.0_151-b12"/>
    <property name="WINSW_SERVICE_ID" value="Jenkins"/>
    <property name="user.name" value="DESKTOP-2PDMTD4$"/>
    <property name="guice.disable.misplaced.annotation.check" value="true"/>
    <property name="CommonProgramW6432" value="C:\Program Files\Common Files"/>
    <property name="ProgramFiles" value="C:\Program Files (x86)"/>
    <property name="user.language" value="en"/>
    <property name="JOB_BASE_NAME" value="JunitEx"/>
    <property name="RUN_CHANGES_DISPLAY_URL" value="http://localhost:8080/job/JunitEx/14/display/redirect?page=changes"/>
    <property name="BUILD_DISPLAY_NAME" value="#14"/>
    <property name="TMPDIR" value="C:\Users\Public\Documents\Wondershare\CreatorTemp"/>
    <property name="sun.boot.library.path" value="C:\Program Files (x86)\Java\jdk1.8.0_151\jre\bin"/>
    <property name="LOCALAPPDATA" value="C:\WINDOWS\system32\config\systemprofile\AppData\Local"/>
    <property name="java.version" value="1.8.0_151"/>
    <property name="PROCESSOR_LEVEL" value="6"/>
    <property name="user.timezone" value="Asia/Calcutta"/>
    <property name="USERNAME" value="DESKTOP-2PDMTD4$"/>
    <property name="sun.arch.data.model" value="32"/>
    <property name="NODE_NAME" value="master"/>
    <property name="PROCESSOR_ARCHITEW6432" value="AMD64"/>
    <property name="java.endorsed.dirs" value="C:\Program Files (x86)\Java\jdk1.8.0_151\jre\lib\endorsed"/>
    <property name="BUILD_ID" value="14"/>
    <property name="sun.cpu.isalist" value="pentium_pro+mmx pentium_pro pentium+mmx pentium i486 i386 i86"/>
    <property name="sun.jnu.encoding" value="Cp1252"/>
    <property name="file.encoding.pkg" value="sun.io"/>
    <property name="file.separator" value="\"/>
    <property name="java.specification.name" value="Java Platform API Specification"/>
    <property name="maven.conf" value="C:\Program Files (x86)\Jenkins\tools\hudson.tasks.Maven_MavenInstallation\maven\conf"/>
    <property name="java.class.version" value="52.0"/>
    <property name="org.slf4j.simpleLogger.defaultLogLevel" value="info"/>
    <property name="user.country" value="IN"/>
    <property name="ALLUSERSPROFILE" value="C:\ProgramData"/>
    <property name="java.home" value="C:\Program Files (x86)\Java\jdk1.8.0_151\jre"/>
    <property name="java.vm.info" value="mixed mode, sharing"/>
    <property name="os.version" value="10.0"/>
    <property name="RUN_DISPLAY_URL" value="http://localhost:8080/job/JunitEx/14/display/redirect"/>
    <property name="POM_VERSION" value="0.0.1-SNAPSHOT"/>
    <property name="TMP" value="C:\WINDOWS\TEMP"/>
    <property name="path.separator" value=";"/>
    <property name="java.vm.version" value="25.151-b12"/>
    <property name="user.variant" value=""/>
    <property name="JOB_DISPLAY_URL" value="http://localhost:8080/job/JunitEx/display/redirect"/>
    <property name="CommonProgramFiles(x86)" value="C:\Program Files (x86)\Common Files"/>
    <property name="java.awt.printerjob" value="sun.awt.windows.WPrinterJob"/>
    <property name="JAVA_HOME" value="C:\Program Files (x86)\Java\jdk1.8.0_151"/>
    <property name="sun.io.unicode.encoding" value="UnicodeLittle"/>
    <property name="CommonProgramFiles" value="C:\Program Files (x86)\Common Files"/>
    <property name="ComSpec" value="C:\WINDOWS\system32\cmd.exe"/>
    <property name="awt.toolkit" value="sun.awt.windows.WToolkit"/>
    <property name="POM_PACKAGING" value="jar"/>
    <property name="SERVICE_ID" value="Jenkins"/>
    <property name="COMPUTERNAME" value="DESKTOP-2PDMTD4"/>
    <property name="user.script" value=""/>
    <property name="POM_GROUPID" value="com.junit.logic"/>
    <property name="user.home" value="C:\WINDOWS\system32\config\systemprofile"/>
    <property name="PUBLIC" value="C:\Users\Public"/>
    <property name="BUILD_TAG" value="jenkins-JunitEx-14"/>
    <property name="JENKINS_SERVER_COOKIE" value="c14c5faeb42aaed1"/>
    <property name="HUDSON_URL" value="http://localhost:8080/"/>
    <property name="ProgramData" value="C:\ProgramData"/>
    <property name="java.specification.vendor" value="Oracle Corporation"/>
    <property name="USERPROFILE" value="C:\WINDOWS\system32\config\systemprofile"/>
    <property name="CLASSPATH" value=""/>
    <property name="java.vendor.url" value="http://java.oracle.com/"/>
    <property name="java.library.path" value="C:\Program Files (x86)\Java\jdk1.8.0_151\bin;C:\WINDOWS\Sun\Java\bin;C:\WINDOWS\system32;C:\WINDOWS;C:\Program Files (x86)\Jenkins\tools\hudson.tasks.Maven_MavenInstallation\maven/bin;C:\Program Files (x86)\Java\jdk1.8.0_151/bin;C:\Program Files (x86)\Java\jdk1.8.0_151/bin;C:\Program Files (x86)\Java\jdk1.8.0_151;C:\Program Files (x86)\Common Files\Oracle\Java\javapath;C:\ProgramData\Oracle\Java\javapath;C:\Windows\system32;C:\Windows;C:\Windows\System32\Wbem;C:\Windows\System32\WindowsPowerShell\v1.0\;C:\Program Files (x86)\NVIDIA Corporation\PhysX\Common;C:\Program Files (x86)\HI-TECH Software\PICC-Lite\9.50\bin;C:\Program Files (x86)\Microchip\xc8\v1.44\bin;C:\WINDOWS\system32;C:\WINDOWS;C:\WINDOWS\System32\Wbem;C:\WINDOWS\System32\WindowsPowerShell\v1.0\;C:\WINDOWS\System32\OpenSSH\;C:\Program Files (x86)\Brackets\command;C:\Program Files\Git\cmd;C:\WINDOWS\system32\config\systemprofile\AppData\Local\Microsoft\WindowsApps;."/>
    <property name="java.vm.vendor" value="Oracle Corporation"/>
    <property name="APPDATA" value="C:\WINDOWS\system32\config\systemprofile\AppData\Roaming"/>
    <property name="java.runtime.name" value="Java(TM) SE Runtime Environment"/>
    <property name="maven.home" value="C:\Program Files (x86)\Jenkins\tools\hudson.tasks.Maven_MavenInstallation\maven"/>
    <property name="java.class.path" value="C:\Program Files (x86)\Jenkins\plugins\maven-plugin\WEB-INF\lib\maven35-agent-1.12.jar;C:\Program Files (x86)\Jenkins\tools\hudson.tasks.Maven_MavenInstallation\maven\boot\plexus-classworlds-2.6.0.jar;C:\Program Files (x86)\Jenkins\tools\hudson.tasks.Maven_MavenInstallation\maven/conf/logging"/>
    <property name="sun.java.command" value="jenkins.maven3.agent.Maven35Main C:\Program Files (x86)\Jenkins\tools\hudson.tasks.Maven_MavenInstallation\maven C:\Program Files (x86)\Jenkins\war\WEB-INF\lib\remoting-4.2.jar C:\Program Files (x86)\Jenkins\plugins\maven-plugin\WEB-INF\lib\maven35-interceptor-1.12.jar C:\Program Files (x86)\Jenkins\plugins\maven-plugin\WEB-INF\lib\maven3-interceptor-commons-1.12.jar 52365"/>
    <property name="Path" value="C:\Program Files (x86)\Java\jdk1.8.0_151/bin;C:\Program Files (x86)\Java\jdk1.8.0_151;C:\Program Files (x86)\Common Files\Oracle\Java\javapath;C:\ProgramData\Oracle\Java\javapath;C:\Windows\system32;C:\Windows;C:\Windows\System32\Wbem;C:\Windows\System32\WindowsPowerShell\v1.0\;C:\Program Files (x86)\NVIDIA Corporation\PhysX\Common;C:\Program Files (x86)\HI-TECH Software\PICC-Lite\9.50\bin;C:\Program Files (x86)\Microchip\xc8\v1.44\bin;C:\WINDOWS\system32;C:\WINDOWS;C:\WINDOWS\System32\Wbem;C:\WINDOWS\System32\WindowsPowerShell\v1.0\;C:\WINDOWS\System32\OpenSSH\;C:\Program Files (x86)\Brackets\command;C:\Program Files\Git\cmd;C:\WINDOWS\system32\config\systemprofile\AppData\Local\Microsoft\WindowsApps"/>
    <property name="DXSDK_DIR" value="C:\Program Files (x86)\Microsoft DirectX SDK (June 2010)\"/>
    <property name="java.vm.specification.name" value="Java Virtual Machine Specification"/>
    <property name="PROCESSOR_ARCHITECTURE" value="x86"/>
    <property name="PATH+JDK" value="C:\Program Files (x86)\Java\jdk1.8.0_151/bin"/>
    <property name="PROCESSOR_IDENTIFIER" value="Intel64 Family 6 Model 142 Stepping 9, GenuineIntel"/>
    <property name="java.vm.specification.version" value="1.8"/>
    <property name="sun.os.patch.level" value=""/>
    <property name="sun.cpu.endian" value="little"/>
    <property name="M2_HOME" value="C:\Program Files (x86)\Jenkins\tools\hudson.tasks.Maven_MavenInstallation\maven"/>
    <property name="java.io.tmpdir" value="C:\WINDOWS\TEMP\"/>
    <property name="OS" value="Windows_NT"/>
    <property name="HUDSON_HOME" value="C:\Program Files (x86)\Jenkins"/>
    <property name="PATH+MAVEN" value="C:\Program Files (x86)\Jenkins\tools\hudson.tasks.Maven_MavenInstallation\maven/bin"/>
    <property name="ProgramFiles(x86)" value="C:\Program Files (x86)"/>
    <property name="BUILD_URL" value="http://localhost:8080/job/JunitEx/14/"/>
    <property name="java.vendor.url.bug" value="http://bugreport.sun.com/bugreport/"/>
    <property name="java.awt.graphicsenv" value="sun.awt.Win32GraphicsEnvironment"/>
    <property name="os.arch" value="x86"/>
    <property name="SystemRoot" value="C:\WINDOWS"/>
    <property name="java.ext.dirs" value="C:\Program Files (x86)\Java\jdk1.8.0_151\jre\lib\ext;C:\WINDOWS\Sun\Java\lib\ext"/>
    <property name="user.dir" value="E:\class jbk\jbk\JunitEx1"/>
    <property name="JOB_URL" value="http://localhost:8080/job/JunitEx/"/>
    <property name="USERDOMAIN" value="WORKGROUP"/>
    <property name="line.separator" value="
"/>
    <property name="MAVEN_HOME" value="C:\Program Files (x86)\Jenkins\tools\hudson.tasks.Maven_MavenInstallation\maven"/>
    <property name="java.vm.name" value="Java HotSpot(TM) Client VM"/>
    <property name="BUILD_NUMBER" value="14"/>
    <property name="BASE" value="C:\Program Files (x86)\Jenkins"/>
    <property name="JENKINS_URL" value="http://localhost:8080/"/>
    <property name="PROCESSOR_REVISION" value="8e09"/>
    <property name="ProgramW6432" value="C:\Program Files"/>
    <property name="windir" value="C:\WINDOWS"/>
    <property name="file.encoding" value="Cp1252"/>
    <property name="SystemDrive" value="C:"/>
    <property name="maven3.interceptor" value="C:\Program Files (x86)\Jenkins\plugins\maven-plugin\WEB-INF\lib\maven35-interceptor-1.12.jar"/>
    <property name="WORKSPACE_TMP" value="C:\Program Files (x86)\Jenkins\workspace\JunitEx@tmp"/>
    <property name="WORKSPACE" value="C:\Program Files (x86)\Jenkins\workspace\JunitEx"/>
    <property name="maven3.interceptor.common" value="C:\Program Files (x86)\Jenkins\plugins\maven-plugin\WEB-INF\lib\maven3-interceptor-commons-1.12.jar"/>
    <property name="WINSW_EXECUTABLE" value="C:\Program Files (x86)\Jenkins\jenkins.exe"/>
    <property name="java.specification.version" value="1.8"/>
    <property name="PSModulePath" value="C:\Program Files (x86)\WindowsPowerShell\Modules;C:\WINDOWS\system32\WindowsPowerShell\v1.0\Modules;C:\Program Files (x86)\AutoIt3\AutoItX"/>
    <property name="DriverData" value="C:\Windows\System32\Drivers\DriverData"/>
  </properties>
  <testcase classname="com.junit.logic.FactorialTest" name="test" time="0.012">
    <failure message="successful expected:&lt;120&gt; but was:&lt;720&gt;" type="java.lang.AssertionError">java.lang.AssertionError: successful expected:&lt;120&gt; but was:&lt;720&gt;
	at org.junit.Assert.fail(Assert.java:88)
	at org.junit.Assert.failNotEquals(Assert.java:834)
	at org.junit.Assert.assertEquals(Assert.java:645)
	at com.junit.logic.FactorialTest.test(FactorialTest.java:16)
	at sun.reflect.NativeMethodAccessorImpl.invoke0(Native Method)
	at sun.reflect.NativeMethodAccessorImpl.invoke(NativeMethodAccessorImpl.java:62)
	at sun.reflect.DelegatingMethodAccessorImpl.invoke(DelegatingMethodAccessorImpl.java:43)
	at java.lang.reflect.Method.invoke(Method.java:498)
	at org.junit.runners.model.FrameworkMethod$1.runReflectiveCall(FrameworkMethod.java:50)
	at org.junit.internal.runners.model.ReflectiveCallable.run(ReflectiveCallable.java:12)
	at org.junit.runners.model.FrameworkMethod.invokeExplosively(FrameworkMethod.java:47)
	at org.junit.internal.runners.statements.InvokeMethod.evaluate(InvokeMethod.java:17)
	at org.junit.runners.ParentRunner.runLeaf(ParentRunner.java:325)
	at org.junit.runners.BlockJUnit4ClassRunner.runChild(BlockJUnit4ClassRunner.java:78)
	at org.junit.runners.BlockJUnit4ClassRunner.runChild(BlockJUnit4ClassRunner.java:57)
	at org.junit.runners.ParentRunner$3.run(ParentRunner.java:290)
	at org.junit.runners.ParentRunner$1.schedule(ParentRunner.java:71)
	at org.junit.runners.ParentRunner.runChildren(ParentRunner.java:288)
	at org.junit.runners.ParentRunner.access$000(ParentRunner.java:58)
	at org.junit.runners.ParentRunner$2.evaluate(ParentRunner.java:268)
	at org.junit.runners.ParentRunner.run(ParentRunner.java:363)
	at org.apache.maven.surefire.junit4.JUnit4Provider.execute(JUnit4Provider.java:252)
	at org.apache.maven.surefire.junit4.JUnit4Provider.executeTestSet(JUnit4Provider.java:141)
	at org.apache.maven.surefire.junit4.JUnit4Provider.invoke(JUnit4Provider.java:112)
	at sun.reflect.NativeMethodAccessorImpl.invoke0(Native Method)
	at sun.reflect.NativeMethodAccessorImpl.invoke(NativeMethodAccessorImpl.java:62)
	at sun.reflect.DelegatingMethodAccessorImpl.invoke(DelegatingMethodAccessorImpl.java:43)
	at java.lang.reflect.Method.invoke(Method.java:498)
	at org.apache.maven.surefire.util.ReflectionUtils.invokeMethodWithArray(ReflectionUtils.java:189)
	at org.apache.maven.surefire.booter.ProviderFactory$ProviderProxy.invoke(ProviderFactory.java:165)
	at org.apache.maven.surefire.booter.ProviderFactory.invokeProvider(ProviderFactory.java:85)
	at org.apache.maven.surefire.booter.ForkedBooter.runSuitesInProcess(ForkedBooter.java:115)
	at org.apache.maven.surefire.booter.ForkedBooter.main(ForkedBooter.java:75)
</failure>
    <system-out>120
120
720
</system-out>
  </testcase>
</testsuite>